[14:37:13.990] [INFO] [36mInitializing Storybook[39m
[14:37:14.267] [DEBUG] Getting package.json info for C:/Users/alekseeva_a/Desktop/ap/myapp23/package.json...
[14:37:14.267] [DEBUG] Getting CLI versions from NPM for storybook...
[14:37:14.267] [DEBUG] Executing command: npm info storybook version
[14:37:15.104] [INFO] Adding Storybook version 10.1.11 to your project
[14:37:15.106] [DEBUG] Project type detected: sveltekit
[14:37:17.214] [PROMPT] We found a .storybook config directory in your project.
We assume that Storybook is already instantiated for your project. Do you still want to continue and force the initialization? {"choice":true}
[14:37:17.214] [DEBUG] Using cached package.json for C:\Users\alekseeva_a\Desktop\ap\myapp23\package.json...
[14:37:17.216] [INFO] Framework detected: sveltekit
[14:37:17.216] [DEBUG] Getting installed version for vitest...
[14:37:17.216] [DEBUG] Executing command: npm ls --json --depth=99 2>NUL
[14:37:17.764] [DEBUG] Executing command: npm ls --json --depth=0 2>NUL
[14:37:18.268] [DEBUG] An issue occurred while trying to find dependencies metadata using npm: Error: Command failed with exit code 1: npm.cmd ls --json --depth=0 2>NUL
npm error code EINVALIDTAGNAME
npm error Invalid tag name "2>NUL" of package "2>NUL": Tags may not have any characters that encodeURIComponent encodes.
npm error A complete log of this run can be found in: C:\Users\alekseeva_a\AppData\Local\npm-cache\_logs\2026-01-15T11_37_17_938Z-debug-0.log
{
  "error": {
    "code": "EINVALIDTAGNAME",
    "summary": "Invalid tag name \"2>NUL\" of package \"2>NUL\": Tags may not have any characters that encodeURIComponent encodes.",
    "detail": ""
  }
}
[14:37:18.268] [DEBUG] Getting installed version for msw...
[14:37:18.268] [DEBUG] Executing command: npm ls --json --depth=99 2>NUL
[14:37:18.771] [DEBUG] Executing command: npm ls --json --depth=0 2>NUL
[14:37:19.285] [DEBUG] An issue occurred while trying to find dependencies metadata using npm: Error: Command failed with exit code 1: npm.cmd ls --json --depth=0 2>NUL
npm error code EINVALIDTAGNAME
npm error Invalid tag name "2>NUL" of package "2>NUL": Tags may not have any characters that encodeURIComponent encodes.
npm error A complete log of this run can be found in: C:\Users\alekseeva_a\AppData\Local\npm-cache\_logs\2026-01-15T11_37_18_939Z-debug-0.log
{
  "error": {
    "code": "EINVALIDTAGNAME",
    "summary": "Invalid tag name \"2>NUL\" of package \"2>NUL\": Tags may not have any characters that encodeURIComponent encodes.",
    "detail": ""
  }
}
[14:37:25.941] [PROMPT] What configuration should we install? {"choice":"recommended"}
[14:38:15.246] [INFO] base-generator-task-start: Generating Storybook configuration
[14:38:15.246] [DEBUG] Using cached package.json for C:\Users\alekseeva_a\Desktop\ap\myapp23\package.json...
[14:38:15.247] [DEBUG] Using cached package.json for C:\Users\alekseeva_a\Desktop\ap\myapp23\package.json...
[14:38:15.247] [DEBUG] Using cached package.json for C:\Users\alekseeva_a\Desktop\ap\myapp23\package.json...
[14:38:15.247] [INFO] base-generator-task: - Configuring ESLint plugin
[14:38:15.247] [DEBUG] Detected flat config at C:\Users\alekseeva_a\Desktop\ap\myapp23\eslint.config.js
[14:38:15.257] [DEBUG] Using cached version for storybook...
[14:38:15.257] [DEBUG] Getting CLI versions from NPM for @storybook/sveltekit...
[14:38:15.257] [DEBUG] Executing command: npm info @storybook/sveltekit version
[14:38:15.272] [DEBUG] Getting CLI versions from NPM for @storybook/addon-svelte-csf...
[14:38:15.272] [DEBUG] Executing command: npm info @storybook/addon-svelte-csf version
[14:38:15.286] [DEBUG] Getting CLI versions from NPM for @chromatic-com/storybook...
[14:38:15.286] [DEBUG] Executing command: npm info @chromatic-com/storybook version
[14:38:15.302] [DEBUG] Getting CLI versions from NPM for @storybook/addon-vitest...
[14:38:15.302] [DEBUG] Executing command: npm info @storybook/addon-vitest version
[14:38:15.318] [DEBUG] Getting CLI versions from NPM for @storybook/addon-a11y...
[14:38:15.318] [DEBUG] Executing command: npm info @storybook/addon-a11y version
[14:38:15.335] [DEBUG] Getting CLI versions from NPM for @storybook/addon-docs...
[14:38:15.335] [DEBUG] Executing command: npm info @storybook/addon-docs version
[14:38:15.354] [DEBUG] Getting CLI versions from NPM for eslint-plugin-storybook...
[14:38:15.354] [DEBUG] Executing command: npm info eslint-plugin-storybook version
[14:38:16.410] [INFO] base-generator-task: - Configuring main.ts
[14:38:16.411] [INFO] base-generator-task: - Configuring preview.ts
[14:38:16.412] [INFO] base-generator-task: - Adding Storybook command to package.json
[14:38:16.413] [DEBUG] Getting package.json info for C:/Users/alekseeva_a/Desktop/ap/myapp23/package.json...
[14:38:16.413] [DEBUG] Using cached package.json for C:\Users\alekseeva_a\Desktop\ap\myapp23\package.json...
[14:38:16.413] [INFO] base-generator-task: - Copying framework templates
[14:38:16.448] [DEBUG] Executing command: npm config get registry -ws=false -iwr
[14:38:27.260] [ERROR] [38;2;241;97;97mError: Cannot find @storybook\sveltekit\package.json, Error [ERR_MODULE_NOT_FOUND]: Cannot find package '@storybook/sveltekit' imported from C:\Users\alekseeva_a\AppData\Local\npm-cache\_npx\05823ecb1a3a987d\node_modules\storybook\dist\_node-chunks\chunk-O7UZQAUS.js
    at Object.getPackageJSONURL (node:internal/modules/package_json_reader:316:9)
    at packageResolve (node:internal/modules/esm/resolve:768:81)
    at moduleResolve (node:internal/modules/esm/resolve:858:18)
    at defaultResolve (node:internal/modules/esm/resolve:990:11)
    at nextResolve (node:internal/modules/esm/hooks:785:28)
    at AsyncLoaderHooksOnLoaderHookWorker.resolve (node:internal/modules/esm/hooks:269:30)
    at MessagePort.handleMessage (node:internal/modules/esm/worker:251:24)
    at [nodejs.internal.kHybridDispatch] (node:internal/event_target:845:20)
    at MessagePort.<anonymous> (node:internal/per_context/messageport:23:28)

TypeError: fetch failed
    at node:internal/deps/undici/undici:16416:13
    at process.processTicksAndRejections (node:internal/process/task_queues:103:5)
    at async resolveUsingBranchInstall (file:///C:/Users/alekseeva_a/AppData/Local/npm-cache/_npx/05823ecb1a3a987d/node_modules/storybook/dist/_node-chunks/chunk-JLFR6DEF.js:5383:18)
    at async getRendererDir (file:///C:/Users/alekseeva_a/AppData/Local/npm-cache/_npx/05823ecb1a3a987d/node_modules/storybook/dist/_node-chunks/chunk-JLFR6DEF.js:5405:12)
    at async templatePath (file:///C:/Users/alekseeva_a/AppData/Local/npm-cache/_npx/05823ecb1a3a987d/node_modules/storybook/dist/_node-chunks/chunk-JLFR6DEF.js:5483:19)
    at async copyTemplateFiles (file:///C:/Users/alekseeva_a/AppData/Local/npm-cache/_npx/05823ecb1a3a987d/node_modules/storybook/dist/_node-chunks/chunk-JLFR6DEF.js:5498:17)
    at async baseGenerator (file:///C:/Users/alekseeva_a/AppData/Local/npm-cache/_npx/05823ecb1a3a987d/node_modules/create-storybook/dist/_node-chunks/chunk-C75MJVFW.js:1277:152)
    at async GeneratorExecutionCommand.executeProjectGenerator (file:///C:/Users/alekseeva_a/AppData/Local/npm-cache/_npx/05823ecb1a3a987d/node_modules/create-storybook/dist/_node-chunks/chunk-C75MJVFW.js:1345:101)
    at async GeneratorExecutionCommand.execute (file:///C:/Users/alekseeva_a/AppData/Local/npm-cache/_npx/05823ecb1a3a987d/node_modules/create-storybook/dist/_node-chunks/chunk-C75MJVFW.js:1367:27)
    at async doInitiate (file:///C:/Users/alekseeva_a/AppData/Local/npm-cache/_npx/05823ecb1a3a987d/node_modules/create-storybook/dist/_node-chunks/chunk-C75MJVFW.js:2279:68)[39m
    at getRendererDir (file:///C:/Users/alekseeva_a/AppData/Local/npm-cache/_npx/05823ecb1a3a987d/node_modules/storybook/dist/_node-chunks/chunk-JLFR6DEF.js:5409:9)
    at process.processTicksAndRejections (node:internal/process/task_queues:103:5)
    at async templatePath (file:///C:/Users/alekseeva_a/AppData/Local/npm-cache/_npx/05823ecb1a3a987d/node_modules/storybook/dist/_node-chunks/chunk-JLFR6DEF.js:5483:19)
    at async copyTemplateFiles (file:///C:/Users/alekseeva_a/AppData/Local/npm-cache/_npx/05823ecb1a3a987d/node_modules/storybook/dist/_node-chunks/chunk-JLFR6DEF.js:5498:17)
    at async baseGenerator (file:///C:/Users/alekseeva_a/AppData/Local/npm-cache/_npx/05823ecb1a3a987d/node_modules/create-storybook/dist/_node-chunks/chunk-C75MJVFW.js:1277:152)
    at async GeneratorExecutionCommand.executeProjectGenerator (file:///C:/Users/alekseeva_a/AppData/Local/npm-cache/_npx/05823ecb1a3a987d/node_modules/create-storybook/dist/_node-chunks/chunk-C75MJVFW.js:1345:101)
    at async GeneratorExecutionCommand.execute (file:///C:/Users/alekseeva_a/AppData/Local/npm-cache/_npx/05823ecb1a3a987d/node_modules/create-storybook/dist/_node-chunks/chunk-C75MJVFW.js:1367:27)
    at async doInitiate (file:///C:/Users/alekseeva_a/AppData/Local/npm-cache/_npx/05823ecb1a3a987d/node_modules/create-storybook/dist/_node-chunks/chunk-C75MJVFW.js:2279:68)
    at async file:///C:/Users/alekseeva_a/AppData/Local/npm-cache/_npx/05823ecb1a3a987d/node_modules/create-storybook/dist/_node-chunks/chunk-C75MJVFW.js:2322:20
    at async withTelemetry (file:///C:/Users/alekseeva_a/AppData/Local/npm-cache/_npx/05823ecb1a3a987d/node_modules/storybook/dist/_node-chunks/chunk-2372JZ52.js:209:12)